2018-05-01 12:40:09,079 [14] INFO Library.Controllers.UserController - HEllo world in logger
2018-05-01 15:49:09,954 [13] INFO Library.Controllers.UserController - HEllo world in logger
2018-05-01 15:53:06,866 [12] INFO Library.Controllers.UserController - HEllo world in logger
2018-05-01 15:53:31,944 [13] INFO Library.Repository.UserRepository - System.InvalidOperationException: BeginExecuteReader requires an open and available Connection. The connection's current state is closed.
   at System.Data.SqlClient.SqlCommand.ValidateCommand(String method, Boolean async)
   at System.Data.SqlClient.SqlCommand.RunExecuteReader(CommandBehavior cmdBehavior, RunBehavior runBehavior, Boolean returnStream, String method, TaskCompletionSource`1 completion, Int32 timeout, Task& task, Boolean& usedCache, Boolean asyncWrite, Boolean inRetry)
   at System.Data.SqlClient.SqlCommand.BeginExecuteReaderInternal(CommandBehavior behavior, AsyncCallback callback, Object stateObject, Int32 timeout, Boolean inRetry, Boolean asyncWrite)
   at System.Data.SqlClient.SqlCommand.BeginExecuteReaderAsync(CommandBehavior behavior, AsyncCallback callback, Object stateObject)
   at System.Threading.Tasks.TaskFactory`1.FromAsyncImpl[TArg1](Func`4 beginMethod, Func`2 endFunction, Action`1 endAction, TArg1 arg1, Object state, TaskCreationOptions creationOptions)
   at System.Threading.Tasks.TaskFactory`1.FromAsync[TArg1](Func`4 beginMethod, Func`2 endMethod, TArg1 arg1, Object state)
   at System.Data.SqlClient.SqlCommand.ExecuteReaderAsync(CommandBehavior behavior, CancellationToken cancellationToken)
--- End of stack trace from previous location where exception was thrown ---
   at System.Runtime.CompilerServices.TaskAwaiter.ThrowForNonSuccess(Task task)
   at System.Runtime.CompilerServices.TaskAwaiter.HandleNonSuccessAndDebuggerNotification(Task task)
   at System.Runtime.CompilerServices.TaskAwaiter`1.GetResult()
   at Library.Repository.UserRepository.<GetAllUserAsync>d__4.MoveNext() in C:\Users\Rajat Sharma\Documents\Visual Studio 2015\Projects\Library\Library.Repository\UserRepository.cs:line 122
2018-05-01 15:56:36,441 [12] INFO Library.Controllers.UserController - HEllo world in logger
2018-05-01 15:56:54,250 [12] INFO Library.Repository.UserRepository - System.InvalidOperationException: BeginExecuteReader requires an open and available Connection. The connection's current state is closed.
   at System.Data.SqlClient.SqlCommand.ValidateCommand(String method, Boolean async)
   at System.Data.SqlClient.SqlCommand.RunExecuteReader(CommandBehavior cmdBehavior, RunBehavior runBehavior, Boolean returnStream, String method, TaskCompletionSource`1 completion, Int32 timeout, Task& task, Boolean& usedCache, Boolean asyncWrite, Boolean inRetry)
   at System.Data.SqlClient.SqlCommand.BeginExecuteReaderInternal(CommandBehavior behavior, AsyncCallback callback, Object stateObject, Int32 timeout, Boolean inRetry, Boolean asyncWrite)
   at System.Data.SqlClient.SqlCommand.BeginExecuteReaderAsync(CommandBehavior behavior, AsyncCallback callback, Object stateObject)
   at System.Threading.Tasks.TaskFactory`1.FromAsyncImpl[TArg1](Func`4 beginMethod, Func`2 endFunction, Action`1 endAction, TArg1 arg1, Object state, TaskCreationOptions creationOptions)
   at System.Threading.Tasks.TaskFactory`1.FromAsync[TArg1](Func`4 beginMethod, Func`2 endMethod, TArg1 arg1, Object state)
   at System.Data.SqlClient.SqlCommand.ExecuteReaderAsync(CommandBehavior behavior, CancellationToken cancellationToken)
--- End of stack trace from previous location where exception was thrown ---
   at System.Runtime.CompilerServices.TaskAwaiter.ThrowForNonSuccess(Task task)
   at System.Runtime.CompilerServices.TaskAwaiter.HandleNonSuccessAndDebuggerNotification(Task task)
   at System.Runtime.CompilerServices.TaskAwaiter`1.GetResult()
   at Library.Repository.UserRepository.<GetAllUserAsync>d__4.MoveNext() in C:\Users\Rajat Sharma\Documents\Visual Studio 2015\Projects\Library\Library.Repository\UserRepository.cs:line 122
2018-05-01 16:02:35,341 [12] INFO Library.Controllers.UserController - HEllo world in logger
2018-05-01 16:02:44,516 [13] INFO Library.Repository.UserRepository - System.Data.SqlClient.SqlException (0x80131904): Procedure stp_GetTotalUserCount has no parameters and arguments were supplied.
   at System.Data.SqlClient.SqlConnection.OnError(SqlException exception, Boolean breakConnection, Action`1 wrapCloseInAction)
   at System.Data.SqlClient.SqlInternalConnection.OnError(SqlException exception, Boolean breakConnection, Action`1 wrapCloseInAction)
   at System.Data.SqlClient.TdsParser.ThrowExceptionAndWarning(TdsParserStateObject stateObj, Boolean callerHasConnectionLock, Boolean asyncClose)
   at System.Data.SqlClient.TdsParser.TryRun(RunBehavior runBehavior, SqlCommand cmdHandler, SqlDataReader dataStream, BulkCopySimpleResultSet bulkCopyHandler, TdsParserStateObject stateObj, Boolean& dataReady)
   at System.Data.SqlClient.SqlDataReader.TryConsumeMetaData()
   at System.Data.SqlClient.SqlDataReader.get_MetaData()
   at System.Data.SqlClient.SqlCommand.FinishExecuteReader(SqlDataReader ds, RunBehavior runBehavior, String resetOptionsString, Boolean isInternal, Boolean forDescribeParameterEncryption)
   at System.Data.SqlClient.SqlCommand.CompleteAsyncExecuteReader(Boolean isInternal, Boolean forDescribeParameterEncryption)
   at System.Data.SqlClient.SqlCommand.InternalEndExecuteReader(IAsyncResult asyncResult, String endMethod, Boolean isInternal)
   at System.Data.SqlClient.SqlCommand.EndExecuteReaderInternal(IAsyncResult asyncResult)
   at System.Data.SqlClient.SqlCommand.EndExecuteReaderAsync(IAsyncResult asyncResult)
   at System.Threading.Tasks.TaskFactory`1.FromAsyncCoreLogic(IAsyncResult iar, Func`2 endFunction, Action`1 endAction, Task`1 promise, Boolean requiresSynchronization)
--- End of stack trace from previous location where exception was thrown ---
   at System.Runtime.CompilerServices.TaskAwaiter.ThrowForNonSuccess(Task task)
   at System.Runtime.CompilerServices.TaskAwaiter.HandleNonSuccessAndDebuggerNotification(Task task)
   at System.Runtime.CompilerServices.TaskAwaiter`1.GetResult()
   at Library.Repository.UserRepository.<GetAllUserAsync>d__4.MoveNext() in C:\Users\Rajat Sharma\Documents\Visual Studio 2015\Projects\Library\Library.Repository\UserRepository.cs:line 122
ClientConnectionId:58ebe720-0627-42aa-a957-2058bb4743f2
Error Number:8146,State:2,Class:16
2018-05-01 16:05:28,973 [11] INFO Library.Controllers.UserController - HEllo world in logger
2018-05-01 16:07:48,941 [13] INFO Library.Controllers.UserController - HEllo world in logger
2018-05-01 16:07:57,100 [12] INFO Library.Controllers.UserController - HEllo world in logger
2018-05-01 16:10:23,759 [9] INFO Library.Controllers.UserController - HEllo world in logger
2018-05-01 16:10:33,637 [9] INFO Library.Controllers.UserController - HEllo world in logger
2018-05-01 16:10:39,522 [9] INFO Library.Controllers.UserController - HEllo world in logger
2018-05-01 16:13:04,084 [13] INFO Library.Controllers.UserController - HEllo world in logger
2018-05-01 16:13:09,234 [9] INFO Library.Controllers.UserController - HEllo world in logger
2018-05-01 16:13:13,708 [9] INFO Library.Controllers.UserController - HEllo world in logger
2018-05-01 16:13:18,043 [12] INFO Library.Controllers.UserController - HEllo world in logger
2018-05-01 17:17:01,983 [12] INFO Library.Controllers.UserController - HEllo world in logger
2018-05-01 17:17:10,172 [6] INFO Library.Controllers.UserController - HEllo world in logger
2018-05-01 17:18:37,510 [14] INFO Library.Controllers.UserController - HEllo world in logger
2018-05-01 17:22:15,397 [10] INFO Library.Controllers.UserController - HEllo world in logger
2018-05-01 17:27:08,169 [9] INFO Library.Controllers.UserController - HEllo world in logger
2018-05-01 17:28:48,972 [12] INFO Library.Controllers.UserController - HEllo world in logger
2018-05-01 17:28:55,707 [9] INFO Library.Controllers.UserController - HEllo world in logger
2018-05-01 17:29:09,862 [9] INFO Library.Controllers.UserController - HEllo world in logger
2018-05-01 17:42:05,547 [12] INFO Library.Controllers.UserController - HEllo world in logger
2018-05-01 17:42:57,495 [7] INFO Library.Controllers.UserController - HEllo world in logger
2018-05-01 17:59:39,155 [13] INFO Library.Controllers.UserController - HEllo world in logger
2018-05-01 18:01:13,689 [12] INFO Library.Controllers.UserController - HEllo world in logger
2018-05-01 18:02:05,418 [9] INFO Library.Controllers.UserController - HEllo world in logger
2018-05-01 18:11:07,642 [13] INFO Library.Controllers.UserController - HEllo world in logger
2018-05-01 18:12:37,380 [7] INFO Library.Controllers.UserController - HEllo world in logger
2018-05-01 18:17:38,514 [9] INFO Library.Controllers.UserController - HEllo world in logger
2018-05-01 18:17:42,603 [13] INFO Library.Repository.UserRepository - Zero Total USer count received from sql
2018-05-01 18:17:47,895 [9] INFO Library.Controllers.UserController - HEllo world in logger
2018-05-01 18:17:48,901 [13] INFO Library.Repository.UserRepository - Zero Total USer count received from sql
2018-05-01 18:17:56,364 [13] INFO Library.Controllers.UserController - HEllo world in logger
2018-05-01 18:17:58,572 [13] INFO Library.Repository.UserRepository - Zero Total USer count received from sql
2018-05-03 16:12:08,562 [11] INFO Library.Controllers.UserController - HEllo world in logger
2018-05-03 16:12:18,516 [6] INFO Library.Repository.UserRepository - Zero Total USer count received from sql
2018-05-03 16:13:55,203 [12] INFO Library.Controllers.UserController - HEllo world in logger
2018-05-03 16:14:08,319 [13] INFO Library.Repository.UserRepository - Zero Total USer count received from sql
2018-05-07 09:23:43,978 [15] INFO Library.Repository.UserRepository - Zero Total USer count received from sql
2018-05-07 09:24:53,163 [13] INFO Library.Repository.UserRepository - Zero Total USer count received from sql
2018-05-07 09:24:54,746 [8] INFO Library.Repository.UserRepository - Zero Total USer count received from sql
2018-05-07 09:24:56,279 [14] INFO Library.Repository.UserRepository - Zero Total USer count received from sql
2018-05-07 09:24:56,653 [13] INFO Library.Repository.UserRepository - Zero Total USer count received from sql
2018-05-07 09:24:58,955 [18] INFO Library.Repository.UserRepository - Zero Total USer count received from sql
2018-05-07 09:25:01,313 [8] INFO Library.Repository.UserRepository - Zero Total USer count received from sql
2018-05-07 10:45:04,005 [16] INFO Library.Repository.UserRepository - Zero Total USer count received from sql
2018-05-07 10:46:23,560 [16] INFO Library.Repository.UserRepository - Zero Total USer count received from sql
2018-05-07 10:46:31,578 [16] INFO Library.Repository.UserRepository - Zero Total USer count received from sql
2018-05-07 10:46:36,010 [12] INFO Library.Repository.UserRepository - Zero Total USer count received from sql
2018-05-07 11:11:41,641 [7] INFO Library.Repository.UserRepository - Zero Total USer count received from sql
2018-05-07 11:12:45,288 [8] INFO Library.Repository.UserRepository - Zero Total USer count received from sql
2018-05-07 11:14:12,296 [13] INFO Library.Repository.UserRepository - Zero Total USer count received from sql
2018-05-07 11:14:20,205 [17] INFO Library.Repository.UserRepository - Zero Total USer count received from sql
2018-05-07 11:16:05,551 [17] INFO Library.Repository.UserRepository - Zero Total USer count received from sql
2018-05-07 11:17:02,986 [26] INFO Library.Repository.UserRepository - Zero Total USer count received from sql
2018-05-07 11:17:10,960 [26] INFO Library.Repository.UserRepository - Zero Total USer count received from sql
2018-05-07 11:18:10,801 [32] INFO Library.Repository.UserRepository - Zero Total USer count received from sql
2018-05-07 11:18:25,741 [26] INFO Library.Repository.UserRepository - Zero Total USer count received from sql
2018-05-07 11:32:09,827 [8] INFO Library.Repository.UserRepository - Zero Total USer count received from sql
2018-05-07 11:47:36,625 [12] INFO Library.Repository.UserRepository - Zero Total USer count received from sql
